0 info it worked if it ends with ok
1 verbose cli [ 'node', '/usr/local/bin/npm', 'publish', './' ]
2 info using npm@1.4.28
3 info using node@v0.10.32
4 verbose publish [ './' ]
5 verbose cache add [ './', null ]
6 verbose cache add name=undefined spec="./" args=["./",null]
7 verbose parsed url { protocol: null,
7 verbose parsed url   slashes: null,
7 verbose parsed url   auth: null,
7 verbose parsed url   host: null,
7 verbose parsed url   port: null,
7 verbose parsed url   hostname: null,
7 verbose parsed url   hash: null,
7 verbose parsed url   search: null,
7 verbose parsed url   query: null,
7 verbose parsed url   pathname: './',
7 verbose parsed url   path: './',
7 verbose parsed url   href: './' }
8 silly lockFile 0ee6c175- ./
9 verbose lock ./ /Users/Theo/.npm/0ee6c175-.lock
10 verbose tar pack [ '/Users/Theo/.npm/Vague.js/0.0.5/package.tgz', './' ]
11 verbose tarball /Users/Theo/.npm/Vague.js/0.0.5/package.tgz
12 verbose folder ./
13 info prepublish Vague.js@0.0.5
14 silly lockFile 04cb2bca-tar tar://./
15 verbose lock tar://./ /Users/Theo/.npm/04cb2bca-tar.lock
16 silly lockFile 92760bcc-o-npm-Vague-js-0-0-5-package-tgz tar:///Users/Theo/.npm/Vague.js/0.0.5/package.tgz
17 verbose lock tar:///Users/Theo/.npm/Vague.js/0.0.5/package.tgz /Users/Theo/.npm/92760bcc-o-npm-Vague-js-0-0-5-package-tgz.lock
18 silly lockFile 04cb2bca-tar tar://./
19 silly lockFile 04cb2bca-tar tar://./
20 silly lockFile 92760bcc-o-npm-Vague-js-0-0-5-package-tgz tar:///Users/Theo/.npm/Vague.js/0.0.5/package.tgz
21 silly lockFile 92760bcc-o-npm-Vague-js-0-0-5-package-tgz tar:///Users/Theo/.npm/Vague.js/0.0.5/package.tgz
22 silly lockFile ef853b6c--Theo-npm-Vague-js-0-0-5-package /Users/Theo/.npm/Vague.js/0.0.5/package
23 verbose lock /Users/Theo/.npm/Vague.js/0.0.5/package /Users/Theo/.npm/ef853b6c--Theo-npm-Vague-js-0-0-5-package.lock
24 silly lockFile ef853b6c--Theo-npm-Vague-js-0-0-5-package /Users/Theo/.npm/Vague.js/0.0.5/package
25 silly lockFile ef853b6c--Theo-npm-Vague-js-0-0-5-package /Users/Theo/.npm/Vague.js/0.0.5/package
26 silly lockFile 0ee6c175- ./
27 silly lockFile 0ee6c175- ./
28 silly publish { name: 'Vague.js',
28 silly publish   main: 'Vague.js',
28 silly publish   version: '0.0.5',
28 silly publish   description: 'Vague.js is an experimental script that allows you to blur any kind of html element thanks to the SVG filters',
28 silly publish   homepage: 'https://gianlucaguarini.github.io/Vague.js/',
28 silly publish   repositories:
28 silly publish    [ { type: 'git',
28 silly publish        url: 'git://github.com/GianlucaGuarini/Vague.js.git' } ],
28 silly publish   author:
28 silly publish    { name: 'Gianluca Guarini',
28 silly publish      email: 'gianluca.guarini@gmail.com',
28 silly publish      url: 'http://gianlucaguarini.com/' },
28 silly publish   bugs: { url: 'https://github.com/GianlucaGuarini/Vague.js/issues' },
28 silly publish   keywords: [ 'Vague', 'blur', 'filter' ],
28 silly publish   readme: '![Vague.js](http://i.imgur.com/E7sszkE.png)\n\n_Vague.js_: A jQuery plugin for blurring HTML elements via SVG filters.\n\n### Browser Support\n- [Mozilla Firefox](http://www.mozilla.org/firefox/) (v10 and above)\n- [Google Chrome](http://www.google.com/chrome/) (v18 and above)\n- [Safari](http://www.apple.com/safari/) (v6.0 and above)\n- [Microsoft Internet Explorer](http://microsoft.com/internetexplorer) (v7-9; v10+ not supported)\n\n### Demonstration\n\nCheck the demos [here on GitHub Pages](http://gianlucaguarini.github.io/Vague.js/) and on [Codepen](http://codepen.io/GianlucaGuarini/pen/Hzrhf).\n\n### Requisites\n[jQuery](http://jquery.com/) JavaScript Library\n\n### Usage\n\n````javascript\n\nvar vague = $(\'#yourelement\').Vague({\n\tintensity:      3,      // Blur Intensity\n\tforceSVGUrl:    false,   // Force absolute path to the SVG filter,\n\t// default animation options\n    animationOptions: {\n      duration: 1000,\n      easing: \'linear\' // here you can use also custom jQuery easing functions\n    }\n});\n\nvague.blur();\n\n````\n\n### API (Public methods)\n\n- ``blur`` : Apply the SVG filter to the element selected.\n- ``unblur`` : Hide the SVG filter from the element selected.\n- ``animate( newBlurIntensity, animationOptions )`` : Animate the blur intensity to any new value.\n\n```javascript\n\nvague.animate(\n  20,\n  // here you can use the normal jQuery animation options\n  {\n    duration:500\n    easing: \'linear\'\n  }\n).done(function(){\n\tconsole.log(\'Animation finished!\');\n});\n\n```\n\n- ``destroy`` : remove the blur effect and the SVG filter from the DOM.\n\n### [Issues](http://github.com/GianlucaGuarini/Vague.js/issues)\n\n- The ``animate`` method is part of the plugin but it\'s not recommended, it can be really slow due to the many GPU resources needed to render the blur effect on the pages\n- It is not supported in the Opera browser as SVG filters over elements are not supported\n- Not supported in IE10/IE11 ( because IE still sucks )\n\n### Changelog\n\n#### v0.0.5\n\n - plugin code refactoring and micro optimizations\n - added: ``animate`` method\n',
28 silly publish   readmeFilename: 'README.md',
28 silly publish   gitHead: '4a55b87316bf6d937c650c24535cfb12d3e04691',
28 silly publish   repository:
28 silly publish    { type: 'git',
28 silly publish      url: 'git://github.com/GianlucaGuarini/Vague.js.git' },
28 silly publish   _id: 'Vague.js@0.0.5',
28 silly publish   scripts: {},
28 silly publish   _shasum: '7c02885f40580f30c578a2a55005a1870ea6bb6f',
28 silly publish   _from: './' }
29 verbose request where is /Vague.js
30 verbose request registry https://registry.npmjs.org/
31 verbose request id 3447c837c4f90093
32 verbose url raw /Vague.js
33 verbose url resolving [ 'https://registry.npmjs.org/', './Vague.js' ]
34 verbose url resolved https://registry.npmjs.org/Vague.js
35 verbose request where is https://registry.npmjs.org/Vague.js
36 info trying registry request attempt 1 at 15:42:40
37 http PUT https://registry.npmjs.org/Vague.js
38 http 403 https://registry.npmjs.org/Vague.js
39 verbose headers { date: 'Wed, 07 Jan 2015 14:42:49 GMT',
39 verbose headers   server: 'CouchDB/1.5.0 (Erlang OTP/R16B03)',
39 verbose headers   'content-type': 'application/json',
39 verbose headers   'cache-control': 'max-age=60',
39 verbose headers   'content-length': '76',
39 verbose headers   'accept-ranges': 'bytes',
39 verbose headers   via: '1.1 varnish',
39 verbose headers   'x-served-by': 'cache-fra1240-FRA',
39 verbose headers   'x-cache': 'MISS',
39 verbose headers   'x-cache-hits': '0',
39 verbose headers   'x-timer': 'S1420641762.767876,VS0,VE7197',
39 verbose headers   'keep-alive': 'timeout=10, max=50',
39 verbose headers   connection: 'Keep-Alive' }
40 error publish Failed PUT 403
41 error Error: forbidden New packages must have all-lowercase names: Vague.js
41 error     at RegClient.<anonymous> (/usr/local/lib/node_modules/npm/node_modules/npm-registry-client/lib/request.js:308:14)
41 error     at Request._callback (/usr/local/lib/node_modules/npm/node_modules/npm-registry-client/lib/request.js:246:65)
41 error     at Request.self.callback (/usr/local/lib/node_modules/npm/node_modules/request/request.js:236:22)
41 error     at Request.emit (events.js:98:17)
41 error     at Request.<anonymous> (/usr/local/lib/node_modules/npm/node_modules/request/request.js:1142:14)
41 error     at Request.emit (events.js:117:20)
41 error     at IncomingMessage.<anonymous> (/usr/local/lib/node_modules/npm/node_modules/request/request.js:1096:12)
41 error     at IncomingMessage.emit (events.js:117:20)
41 error     at _stream_readable.js:943:16
41 error     at process._tickCallback (node.js:419:13)
42 error If you need help, you may report this *entire* log,
42 error including the npm and node versions, at:
42 error     <http://github.com/npm/npm/issues>
43 error System Darwin 13.4.0
44 error command "node" "/usr/local/bin/npm" "publish" "./"
45 error cwd /Users/Theo/Sites/tempo/Vague.js
46 error node -v v0.10.32
47 error npm -v 1.4.28
48 verbose exit [ 1, true ]
